<?xml version="1.0" encoding="UTF-8"?>
<!-- Generated by org.testng.reporters.JUnitReportReporter -->
<testsuite hostname="Pradeep" failures="0" tests="1" name="com.infy.runners.TestRunner" time="50.156" errors="0" timestamp="2024-11-08T07:59:08 IST" skipped="0">
  <testcase classname="com.infy.runners.TestRunner" name="runScenario" time="50.156"/>
</testsuite> <!-- com.infy.runners.TestRunner -->
