<?xml version="1.0" encoding="UTF-8"?>
<!-- Generated by org.testng.reporters.JUnitReportReporter -->
<testsuite hostname="Pradeep" failures="0" tests="1" name="com.infy.runners.TestRunner" time="33.685" errors="0" timestamp="2024-11-04T18:04:49 IST" skipped="0">
  <testcase classname="com.infy.runners.TestRunner" name="runScenario" time="33.685"/>
</testsuite> <!-- com.infy.runners.TestRunner -->
