<?xml version="1.0" encoding="UTF-8"?>
<!-- Generated by org.testng.reporters.JUnitReportReporter -->
<testsuite hostname="Pradeep" failures="0" tests="1" name="com.testCases.ReadExcelTest" time="0.549" errors="0" timestamp="2024-05-17T13:10:00 IST" skipped="0">
  <testcase classname="com.testCases.ReadExcelTest" name="readExcelData" time="0.549"/>
</testsuite> <!-- com.testCases.ReadExcelTest -->
