<?xml version="1.0" encoding="UTF-8"?>
<!-- Generated by org.testng.reporters.JUnitReportReporter -->
<testsuite hostname="Pradeep" failures="0" tests="1" name="com.readExcel.ReadExcel" time="0.644" errors="0" timestamp="2024-05-17T13:08:53 IST" skipped="0">
  <testcase classname="com.readExcel.ReadExcel" name="readExcel" time="0.644"/>
</testsuite> <!-- com.readExcel.ReadExcel -->
