<?xml version="1.0" encoding="UTF-8"?>
<!-- Generated by org.testng.reporters.JUnitReportReporter -->
<testsuite hostname="Pradeep" failures="0" tests="6" name="com.infy.runners.TestRunner" time="81.056" errors="0" timestamp="2024-11-09T11:50:01 IST" skipped="0">
  <testcase classname="com.infy.runners.TestRunner" name="runScenario" time="13.625"/>
  <testcase classname="com.infy.runners.TestRunner" name="runScenario" time="13.409"/>
  <testcase classname="com.infy.runners.TestRunner" name="runScenario" time="13.513"/>
  <testcase classname="com.infy.runners.TestRunner" name="runScenario" time="13.428"/>
  <testcase classname="com.infy.runners.TestRunner" name="runScenario" time="13.383"/>
  <testcase classname="com.infy.runners.TestRunner" name="runScenario" time="13.698"/>
</testsuite> <!-- com.infy.runners.TestRunner -->
