<?xml version="1.0" encoding="UTF-8"?>
<!-- Generated by org.testng.reporters.JUnitReportReporter -->
<testsuite hostname="Pradeep" failures="0" tests="1" name="com.infy.runners.TestRunner" time="7.606" errors="0" timestamp="2024-10-30T17:34:27 IST" skipped="0">
  <testcase classname="com.infy.runners.TestRunner" name="runScenario" time="7.606"/>
</testsuite> <!-- com.infy.runners.TestRunner -->
