<?xml version="1.0" encoding="UTF-8"?>
<!-- Generated by org.testng.reporters.JUnitReportReporter -->
<testsuite hostname="Pradeep" failures="0" tests="1" name="com.infy.runners.TestRunner" time="8.746" errors="0" timestamp="2024-10-26T23:32:38 IST" skipped="0">
  <testcase classname="com.infy.runners.TestRunner" name="runScenario" time="8.746"/>
</testsuite> <!-- com.infy.runners.TestRunner -->
